Connecting to database specified by database.yml
  [1m[36m (0.1ms)[0m  [1mselect sqlite_version(*)[0m
  [1m[35m (203.3ms)[0m  CREATE TABLE "schema_migrations" ("version" varchar(255) NOT NULL) 
  [1m[36m (175.0ms)[0m  [1mCREATE UNIQUE INDEX "unique_schema_migrations" ON "schema_migrations" ("version")[0m
  [1m[35m (0.1ms)[0m  SELECT "schema_migrations"."version" FROM "schema_migrations" 
Migrating to DeviseCreateUsers (20120418171104)
  [1m[36m (0.1ms)[0m  [1mbegin transaction[0m
  [1m[35m (0.9ms)[0m  CREATE TABLE "users" ("id" INTEGER PRIMARY KEY AUTOINCREMENT NOT NULL, "email" varchar(255) DEFAULT '' NOT NULL, "encrypted_password" varchar(255) DEFAULT '' NOT NULL, "reset_password_token" varchar(255), "reset_password_sent_at" datetime, "remember_created_at" datetime, "sign_in_count" integer DEFAULT 0, "current_sign_in_at" datetime, "last_sign_in_at" datetime, "current_sign_in_ip" varchar(255), "last_sign_in_ip" varchar(255), "created_at" datetime NOT NULL, "updated_at" datetime NOT NULL) 
  [1m[36m (0.3ms)[0m  [1mCREATE UNIQUE INDEX "index_users_on_email" ON "users" ("email")[0m
  [1m[35m (0.2ms)[0m  CREATE UNIQUE INDEX "index_users_on_reset_password_token" ON "users" ("reset_password_token")
  [1m[36m (0.2ms)[0m  [1mINSERT INTO "schema_migrations" ("version") VALUES ('20120418171104')[0m
  [1m[35m (190.5ms)[0m  commit transaction
Migrating to RolifyCreateRoles (20120418171110)
  [1m[36m (0.1ms)[0m  [1mbegin transaction[0m
  [1m[35m (0.4ms)[0m  CREATE TABLE "roles" ("id" INTEGER PRIMARY KEY AUTOINCREMENT NOT NULL, "name" varchar(255), "resource_id" integer, "resource_type" varchar(255), "created_at" datetime NOT NULL, "updated_at" datetime NOT NULL) 
  [1m[36m (0.2ms)[0m  [1mCREATE TABLE "users_roles" ("user_id" integer, "role_id" integer) [0m
  [1m[35m (0.2ms)[0m  CREATE INDEX "index_roles_on_name" ON "roles" ("name")
  [1m[36m (0.2ms)[0m  [1mCREATE INDEX "index_roles_on_name_and_resource_type_and_resource_id" ON "roles" ("name", "resource_type", "resource_id")[0m
  [1m[35m (0.2ms)[0m  CREATE INDEX "index_users_roles_on_user_id_and_role_id" ON "users_roles" ("user_id", "role_id")
  [1m[36m (0.1ms)[0m  [1mINSERT INTO "schema_migrations" ("version") VALUES ('20120418171110')[0m
  [1m[35m (193.7ms)[0m  commit transaction
Migrating to AddNameToUsers (20120418171112)
  [1m[36m (0.1ms)[0m  [1mbegin transaction[0m
  [1m[35m (0.6ms)[0m  ALTER TABLE "users" ADD "name" varchar(255)
  [1m[36m (0.2ms)[0m  [1mINSERT INTO "schema_migrations" ("version") VALUES ('20120418171112')[0m
  [1m[35m (213.6ms)[0m  commit transaction
  [1m[36m (0.1ms)[0m  [1mSELECT "schema_migrations"."version" FROM "schema_migrations" [0m
Connecting to database specified by database.yml
  [1m[36m (0.1ms)[0m  [1mSELECT "schema_migrations"."version" FROM "schema_migrations" [0m
  [1m[35mRole Load (0.2ms)[0m  SELECT "roles".* FROM "roles" WHERE "roles"."name" = 'admin' LIMIT 1
  [1m[36m (0.1ms)[0m  [1mbegin transaction[0m
  [1m[35mSQL (3.7ms)[0m  INSERT INTO "roles" ("created_at", "name", "resource_id", "resource_type", "updated_at") VALUES (?, ?, ?, ?, ?)  [["created_at", Sun, 13 Oct 2013 09:05:41 UTC +00:00], ["name", "admin"], ["resource_id", nil], ["resource_type", nil], ["updated_at", Sun, 13 Oct 2013 09:05:41 UTC +00:00]]
  [1m[36m (251.2ms)[0m  [1mcommit transaction[0m
  [1m[35mRole Load (0.2ms)[0m  SELECT "roles".* FROM "roles" WHERE "roles"."name" = 'user' LIMIT 1
  [1m[36m (0.1ms)[0m  [1mbegin transaction[0m
  [1m[35mSQL (0.4ms)[0m  INSERT INTO "roles" ("created_at", "name", "resource_id", "resource_type", "updated_at") VALUES (?, ?, ?, ?, ?)  [["created_at", Sun, 13 Oct 2013 09:05:41 UTC +00:00], ["name", "user"], ["resource_id", nil], ["resource_type", nil], ["updated_at", Sun, 13 Oct 2013 09:05:41 UTC +00:00]]
  [1m[36m (197.1ms)[0m  [1mcommit transaction[0m
  [1m[35mRole Load (0.3ms)[0m  SELECT "roles".* FROM "roles" WHERE "roles"."name" = 'VIP' LIMIT 1
  [1m[36m (0.1ms)[0m  [1mbegin transaction[0m
  [1m[35mSQL (0.5ms)[0m  INSERT INTO "roles" ("created_at", "name", "resource_id", "resource_type", "updated_at") VALUES (?, ?, ?, ?, ?)  [["created_at", Sun, 13 Oct 2013 09:05:41 UTC +00:00], ["name", "VIP"], ["resource_id", nil], ["resource_type", nil], ["updated_at", Sun, 13 Oct 2013 09:05:41 UTC +00:00]]
  [1m[36m (196.2ms)[0m  [1mcommit transaction[0m
  [1m[35mUser Load (0.3ms)[0m  SELECT "users".* FROM "users" WHERE "users"."email" = 'user@example.com' LIMIT 1
  [1m[36m (0.1ms)[0m  [1mbegin transaction[0m
  [1m[35mUser Exists (0.2ms)[0m  SELECT 1 AS one FROM "users" WHERE "users"."email" = 'user@example.com' LIMIT 1
Binary data inserted for `string` type on column `encrypted_password`
  [1m[36mSQL (0.5ms)[0m  [1mINSERT INTO "users" ("created_at", "current_sign_in_at", "current_sign_in_ip", "email", "encrypted_password", "last_sign_in_at", "last_sign_in_ip", "name", "remember_created_at", "reset_password_sent_at", "reset_password_token", "sign_in_count", "updated_at") VALUES (?, ?, ?, ?, ?, ?, ?, ?, ?, ?, ?, ?, ?)[0m  [["created_at", Sun, 13 Oct 2013 09:05:41 UTC +00:00], ["current_sign_in_at", nil], ["current_sign_in_ip", nil], ["email", "user@example.com"], ["encrypted_password", "$2a$10$xdIQeIdkS3me882EIVRCt.VulBpmSCmEqtV5TDntSKlwQbBCBasOG"], ["last_sign_in_at", nil], ["last_sign_in_ip", nil], ["name", "First User"], ["remember_created_at", nil], ["reset_password_sent_at", nil], ["reset_password_token", nil], ["sign_in_count", 0], ["updated_at", Sun, 13 Oct 2013 09:05:41 UTC +00:00]]
  [1m[35m (187.7ms)[0m  commit transaction
  [1m[36mRole Load (0.3ms)[0m  [1mSELECT "roles".* FROM "roles" WHERE "roles"."name" = 'admin' AND "roles"."resource_type" IS NULL AND "roles"."resource_id" IS NULL LIMIT 1[0m
  [1m[35mRole Exists (0.1ms)[0m  SELECT 1 AS one FROM "roles" INNER JOIN "users_roles" ON "roles"."id" = "users_roles"."role_id" WHERE "users_roles"."user_id" = 1 AND "roles"."id" = 1 LIMIT 1
  [1m[36m (0.1ms)[0m  [1mSELECT "roles".id FROM "roles" INNER JOIN "users_roles" ON "roles"."id" = "users_roles"."role_id" WHERE "users_roles"."user_id" = 1[0m
  [1m[35mRole Load (0.2ms)[0m  SELECT "roles".* FROM "roles" WHERE "roles"."id" = ? LIMIT 1  [["id", 1]]
  [1m[36mRole Load (0.1ms)[0m  [1mSELECT "roles".* FROM "roles" INNER JOIN "users_roles" ON "roles"."id" = "users_roles"."role_id" WHERE "users_roles"."user_id" = 1[0m
  [1m[35m (0.0ms)[0m  begin transaction
  [1m[36m (0.2ms)[0m  [1mINSERT INTO "users_roles" ("user_id", "role_id") VALUES (1, 1)[0m
  [1m[35m (215.5ms)[0m  commit transaction
Connecting to database specified by database.yml


Started GET "/" for 127.0.0.1 at 2013-10-13 17:06:01 +0800
Processing by HomeController#index as HTML
  [1m[36mUser Load (0.2ms)[0m  [1mSELECT "users".* FROM "users" [0m
  Rendered home/index.html.erb within layouts/application (2.9ms)
Compiled bootstrap_and_overrides.css  (4325ms)  (pid 23810)
Compiled home.css  (5ms)  (pid 23810)
Compiled application.css  (4623ms)  (pid 23810)
Compiled jquery.js  (5ms)  (pid 23810)
Compiled jquery_ujs.js  (1ms)  (pid 23810)
Compiled bootstrap-transition.js  (0ms)  (pid 23810)
Compiled bootstrap-affix.js  (0ms)  (pid 23810)
Compiled bootstrap-alert.js  (0ms)  (pid 23810)
Compiled bootstrap-button.js  (0ms)  (pid 23810)
Compiled bootstrap-carousel.js  (0ms)  (pid 23810)
Compiled bootstrap-collapse.js  (0ms)  (pid 23810)
Compiled bootstrap-dropdown.js  (0ms)  (pid 23810)
Compiled bootstrap-modal.js  (0ms)  (pid 23810)
Compiled bootstrap-scrollspy.js  (1ms)  (pid 23810)
Compiled bootstrap-tab.js  (0ms)  (pid 23810)
Compiled bootstrap-tooltip.js  (0ms)  (pid 23810)
Compiled bootstrap-popover.js  (0ms)  (pid 23810)
Compiled bootstrap-typeahead.js  (0ms)  (pid 23810)
Compiled bootstrap.js  (988ms)  (pid 23810)
Compiled home.js  (373ms)  (pid 23810)
Compiled application.js  (1715ms)  (pid 23810)
  Rendered layouts/_navigation.html.erb (2.5ms)
  Rendered layouts/_messages.html.erb (0.8ms)
Completed 200 OK in 6677ms (Views: 6625.1ms | ActiveRecord: 3.0ms)


Started GET "/users/sign_in" for 127.0.0.1 at 2013-10-13 17:06:14 +0800
Processing by Devise::SessionsController#new as HTML
  Rendered devise/shared/_links.html.erb (2.4ms)
  Rendered devise/sessions/new.html.erb within layouts/application (63.2ms)
  Rendered layouts/_navigation.html.erb (1.2ms)
  Rendered layouts/_messages.html.erb (0.1ms)
Completed 200 OK in 80ms (Views: 78.2ms | ActiveRecord: 0.0ms)


Started POST "/users/sign_in" for 127.0.0.1 at 2013-10-13 17:06:23 +0800
Processing by Devise::SessionsController#create as HTML
  Parameters: {"utf8"=>"✓", "authenticity_token"=>"HEhGGIMOs2X/5NMDnAqKbNhjwfPjUkhfv1MG9RtZxFc=", "user"=>{"email"=>"sheng.yang103@gmail.com", "password"=>"[FILTERED]", "remember_me"=>"0"}, "commit"=>"Sign in"}
  [1m[35mUser Load (0.3ms)[0m  SELECT "users".* FROM "users" WHERE "users"."email" = 'sheng.yang103@gmail.com' LIMIT 1
Completed 401 Unauthorized in 11ms
Processing by Devise::SessionsController#new as HTML
  Parameters: {"utf8"=>"✓", "authenticity_token"=>"HEhGGIMOs2X/5NMDnAqKbNhjwfPjUkhfv1MG9RtZxFc=", "user"=>{"email"=>"sheng.yang103@gmail.com", "password"=>"[FILTERED]", "remember_me"=>"0"}, "commit"=>"Sign in"}
  Rendered devise/shared/_links.html.erb (0.7ms)
  Rendered devise/sessions/new.html.erb within layouts/application (68.6ms)
  Rendered layouts/_navigation.html.erb (0.7ms)
  Rendered layouts/_messages.html.erb (0.1ms)
Completed 200 OK in 166ms (Views: 82.3ms | ActiveRecord: 0.0ms)


Started GET "/users/sign_up" for 127.0.0.1 at 2013-10-13 17:06:25 +0800
Processing by Devise::RegistrationsController#new as HTML
  Rendered devise/shared/_links.html.erb (0.9ms)
  Rendered devise/registrations/new.html.erb within layouts/application (16.3ms)
  Rendered layouts/_navigation.html.erb (1.4ms)
  Rendered layouts/_messages.html.erb (0.1ms)
Completed 200 OK in 37ms (Views: 35.8ms | ActiveRecord: 0.0ms)


Started POST "/users" for 127.0.0.1 at 2013-10-13 17:06:44 +0800
Processing by Devise::RegistrationsController#create as HTML
  Parameters: {"utf8"=>"✓", "authenticity_token"=>"HEhGGIMOs2X/5NMDnAqKbNhjwfPjUkhfv1MG9RtZxFc=", "user"=>{"name"=>"Lin Pei", "email"=>"linpei103@hotmail.com", "password"=>"[FILTERED]", "password_confirmation"=>"[FILTERED]"}, "commit"=>"Sign up"}
  [1m[36m (0.2ms)[0m  [1mbegin transaction[0m
  [1m[35mUser Exists (0.2ms)[0m  SELECT 1 AS one FROM "users" WHERE "users"."email" = 'linpei103@hotmail.com' LIMIT 1
Binary data inserted for `string` type on column `encrypted_password`
  [1m[36mSQL (1.5ms)[0m  [1mINSERT INTO "users" ("created_at", "current_sign_in_at", "current_sign_in_ip", "email", "encrypted_password", "last_sign_in_at", "last_sign_in_ip", "name", "remember_created_at", "reset_password_sent_at", "reset_password_token", "sign_in_count", "updated_at") VALUES (?, ?, ?, ?, ?, ?, ?, ?, ?, ?, ?, ?, ?)[0m  [["created_at", Sun, 13 Oct 2013 09:06:44 UTC +00:00], ["current_sign_in_at", nil], ["current_sign_in_ip", nil], ["email", "linpei103@hotmail.com"], ["encrypted_password", "$2a$10$yykSs2Zyl2opgHY9O20TF.3dAsLs1k2wtUPOxOKsW5v5vVA1WScda"], ["last_sign_in_at", nil], ["last_sign_in_ip", nil], ["name", "Lin Pei"], ["remember_created_at", nil], ["reset_password_sent_at", nil], ["reset_password_token", nil], ["sign_in_count", 0], ["updated_at", Sun, 13 Oct 2013 09:06:44 UTC +00:00]]
  [1m[35m (230.6ms)[0m  commit transaction
  [1m[36m (0.1ms)[0m  [1mbegin transaction[0m
  [1m[35m (0.3ms)[0m  UPDATE "users" SET "last_sign_in_at" = '2013-10-13 09:06:45.014289', "current_sign_in_at" = '2013-10-13 09:06:45.014289', "last_sign_in_ip" = '127.0.0.1', "current_sign_in_ip" = '127.0.0.1', "sign_in_count" = 1, "updated_at" = '2013-10-13 09:06:45.015393' WHERE "users"."id" = 2
  [1m[36m (195.4ms)[0m  [1mcommit transaction[0m
Redirected to http://localhost:3000/
Completed 302 Found in 548ms (ActiveRecord: 0.0ms)


Started GET "/" for 127.0.0.1 at 2013-10-13 17:06:45 +0800
  [1m[35mUser Load (0.3ms)[0m  SELECT "users".* FROM "users" WHERE "users"."id" = 2 LIMIT 1
Processing by HomeController#index as HTML
  [1m[36mUser Load (0.3ms)[0m  [1mSELECT "users".* FROM "users" [0m
  Rendered home/index.html.erb within layouts/application (1.3ms)
  [1m[35m (0.3ms)[0m  SELECT COUNT(*) FROM "roles" INNER JOIN "users_roles" ON "roles"."id" = "users_roles"."role_id" WHERE "users_roles"."user_id" = 2 AND (((roles.name = 'admin') AND (roles.resource_type IS NULL) AND (roles.resource_id IS NULL)))
  Rendered layouts/_navigation.html.erb (51.3ms)
  Rendered layouts/_messages.html.erb (0.5ms)
Completed 200 OK in 137ms (Views: 134.5ms | ActiveRecord: 1.5ms)


Started GET "/users/1" for 127.0.0.1 at 2013-10-13 17:06:49 +0800
Processing by UsersController#show as HTML
  Parameters: {"id"=>"1"}
  [1m[36mUser Load (0.3ms)[0m  [1mSELECT "users".* FROM "users" WHERE "users"."id" = 2 LIMIT 1[0m
  [1m[35mUser Load (0.3ms)[0m  SELECT "users".* FROM "users" WHERE "users"."id" = ? LIMIT 1  [["id", "1"]]
  Rendered users/show.html.erb within layouts/application (0.6ms)
  [1m[36m (0.3ms)[0m  [1mSELECT COUNT(*) FROM "roles" INNER JOIN "users_roles" ON "roles"."id" = "users_roles"."role_id" WHERE "users_roles"."user_id" = 2 AND (((roles.name = 'admin') AND (roles.resource_type IS NULL) AND (roles.resource_id IS NULL)))[0m
  Rendered layouts/_navigation.html.erb (4.1ms)
  Rendered layouts/_messages.html.erb (0.2ms)
Completed 200 OK in 23ms (Views: 18.8ms | ActiveRecord: 0.9ms)


Started GET "/users/2" for 127.0.0.1 at 2013-10-13 17:06:54 +0800
Processing by UsersController#show as HTML
  Parameters: {"id"=>"2"}
  [1m[35mUser Load (0.2ms)[0m  SELECT "users".* FROM "users" WHERE "users"."id" = 2 LIMIT 1
  [1m[36mUser Load (0.1ms)[0m  [1mSELECT "users".* FROM "users" WHERE "users"."id" = ? LIMIT 1[0m  [["id", "2"]]
  Rendered users/show.html.erb within layouts/application (0.1ms)
  [1m[35m (0.2ms)[0m  SELECT COUNT(*) FROM "roles" INNER JOIN "users_roles" ON "roles"."id" = "users_roles"."role_id" WHERE "users_roles"."user_id" = 2 AND (((roles.name = 'admin') AND (roles.resource_type IS NULL) AND (roles.resource_id IS NULL)))
  Rendered layouts/_navigation.html.erb (4.1ms)
  Rendered layouts/_messages.html.erb (0.1ms)
Completed 200 OK in 20ms (Views: 17.5ms | ActiveRecord: 0.6ms)


Started GET "/users/edit" for 127.0.0.1 at 2013-10-13 17:06:59 +0800
Processing by Devise::RegistrationsController#edit as HTML
  [1m[36mUser Load (0.6ms)[0m  [1mSELECT "users".* FROM "users" WHERE "users"."id" = 2 LIMIT 1[0m
  Rendered devise/registrations/edit.html.erb within layouts/application (77.6ms)
  [1m[35m (0.2ms)[0m  SELECT COUNT(*) FROM "roles" INNER JOIN "users_roles" ON "roles"."id" = "users_roles"."role_id" WHERE "users_roles"."user_id" = 2 AND (((roles.name = 'admin') AND (roles.resource_type IS NULL) AND (roles.resource_id IS NULL)))
  Rendered layouts/_navigation.html.erb (4.4ms)
  Rendered layouts/_messages.html.erb (0.1ms)
Completed 200 OK in 113ms (Views: 109.0ms | ActiveRecord: 0.8ms)


Started GET "/" for 127.0.0.1 at 2013-10-13 17:07:11 +0800
  [1m[36mUser Load (0.2ms)[0m  [1mSELECT "users".* FROM "users" WHERE "users"."id" = 2 LIMIT 1[0m
Processing by HomeController#index as HTML
  [1m[35mUser Load (0.2ms)[0m  SELECT "users".* FROM "users" 
  Rendered home/index.html.erb within layouts/application (2.0ms)
  [1m[36m (0.3ms)[0m  [1mSELECT COUNT(*) FROM "roles" INNER JOIN "users_roles" ON "roles"."id" = "users_roles"."role_id" WHERE "users_roles"."user_id" = 2 AND (((roles.name = 'admin') AND (roles.resource_type IS NULL) AND (roles.resource_id IS NULL)))[0m
  Rendered layouts/_navigation.html.erb (3.8ms)
  Rendered layouts/_messages.html.erb (0.2ms)
Completed 200 OK in 24ms (Views: 22.6ms | ActiveRecord: 0.6ms)


Started DELETE "/users/sign_out" for 127.0.0.1 at 2013-10-13 17:07:14 +0800
Processing by Devise::SessionsController#destroy as HTML
  Parameters: {"authenticity_token"=>"HEhGGIMOs2X/5NMDnAqKbNhjwfPjUkhfv1MG9RtZxFc="}
  [1m[35mUser Load (0.4ms)[0m  SELECT "users".* FROM "users" WHERE "users"."id" = 2 LIMIT 1
  [1m[36m (0.1ms)[0m  [1mbegin transaction[0m
  [1m[35m (0.1ms)[0m  commit transaction
Redirected to http://localhost:3000/
Completed 302 Found in 11ms (ActiveRecord: 0.6ms)


Started GET "/" for 127.0.0.1 at 2013-10-13 17:07:14 +0800
Processing by HomeController#index as HTML
  [1m[36mUser Load (0.3ms)[0m  [1mSELECT "users".* FROM "users" [0m
  Rendered home/index.html.erb within layouts/application (1.6ms)
  Rendered layouts/_navigation.html.erb (1.1ms)
  Rendered layouts/_messages.html.erb (0.1ms)
Completed 200 OK in 24ms (Views: 21.9ms | ActiveRecord: 0.3ms)


Started GET "/users/2" for 127.0.0.1 at 2013-10-13 17:07:18 +0800
Processing by UsersController#show as HTML
  Parameters: {"id"=>"2"}
Completed 401 Unauthorized in 1ms


Started GET "/users/sign_in" for 127.0.0.1 at 2013-10-13 17:07:18 +0800
Processing by Devise::SessionsController#new as HTML
  Rendered devise/shared/_links.html.erb (0.8ms)
  Rendered devise/sessions/new.html.erb within layouts/application (14.3ms)
  Rendered layouts/_navigation.html.erb (1.3ms)
  Rendered layouts/_messages.html.erb (0.2ms)
Completed 200 OK in 32ms (Views: 30.7ms | ActiveRecord: 0.0ms)


Started GET "/users/1" for 127.0.0.1 at 2013-10-13 17:07:23 +0800
Processing by UsersController#show as HTML
  Parameters: {"id"=>"1"}
Completed 401 Unauthorized in 0ms


Started GET "/users/sign_in" for 127.0.0.1 at 2013-10-13 17:07:23 +0800
Processing by Devise::SessionsController#new as HTML
  Rendered devise/shared/_links.html.erb (0.5ms)
  Rendered devise/sessions/new.html.erb within layouts/application (14.8ms)
  Rendered layouts/_navigation.html.erb (1.0ms)
  Rendered layouts/_messages.html.erb (0.1ms)
Completed 200 OK in 32ms (Views: 31.3ms | ActiveRecord: 0.0ms)


Started GET "/users/sign_up" for 127.0.0.1 at 2013-10-13 17:07:31 +0800
Processing by Devise::RegistrationsController#new as HTML
  Rendered devise/shared/_links.html.erb (0.5ms)
  Rendered devise/registrations/new.html.erb within layouts/application (10.8ms)
  Rendered layouts/_navigation.html.erb (1.8ms)
  Rendered layouts/_messages.html.erb (0.1ms)
Completed 200 OK in 27ms (Views: 26.2ms | ActiveRecord: 0.0ms)
Connecting to database specified by database.yml


Started GET "/users/sign_up" for 127.0.0.1 at 2013-10-13 17:13:36 +0800
Processing by Devise::RegistrationsController#new as HTML
  Rendered devise/shared/_links.html.erb (3.2ms)
  Rendered devise/registrations/new.html.erb within layouts/application (54.7ms)
  Rendered layouts/_navigation.html.erb (1.9ms)
  Rendered layouts/_messages.html.erb (0.7ms)
Completed 200 OK in 286ms (Views: 209.5ms | ActiveRecord: 1.6ms)


Started GET "/" for 127.0.0.1 at 2013-10-13 17:13:43 +0800
Processing by HomeController#index as HTML
  [1m[36mUser Load (0.3ms)[0m  [1mSELECT "users".* FROM "users" [0m
  Rendered home/index.html.erb within layouts/application (1.6ms)
  Rendered layouts/_navigation.html.erb (2.3ms)
  Rendered layouts/_messages.html.erb (0.1ms)
Completed 200 OK in 91ms (Views: 87.4ms | ActiveRecord: 0.3ms)


Started GET "/" for 127.0.0.1 at 2013-10-13 17:14:04 +0800
Processing by HomeController#index as HTML
  [1m[35mUser Load (0.3ms)[0m  SELECT "users".* FROM "users" 
  Rendered home/index.html.erb within layouts/application (1.2ms)
  Rendered layouts/_navigation.html.erb (1.5ms)
  Rendered layouts/_messages.html.erb (0.1ms)
Completed 200 OK in 65ms (Views: 62.9ms | ActiveRecord: 0.3ms)


Started GET "/" for 127.0.0.1 at 2013-10-13 17:14:05 +0800
Processing by HomeController#index as HTML
  [1m[36mUser Load (0.3ms)[0m  [1mSELECT "users".* FROM "users" [0m
  Rendered home/index.html.erb within layouts/application (0.7ms)
  Rendered layouts/_navigation.html.erb (0.7ms)
  Rendered layouts/_messages.html.erb (0.0ms)
Completed 200 OK in 19ms (Views: 18.1ms | ActiveRecord: 0.3ms)


Started GET "/" for 127.0.0.1 at 2013-10-13 17:14:05 +0800
Processing by HomeController#index as HTML
  [1m[35mUser Load (0.3ms)[0m  SELECT "users".* FROM "users" 
  Rendered home/index.html.erb within layouts/application (0.7ms)
  Rendered layouts/_navigation.html.erb (0.7ms)
  Rendered layouts/_messages.html.erb (0.1ms)
Completed 200 OK in 19ms (Views: 17.7ms | ActiveRecord: 0.3ms)


Started GET "/" for 127.0.0.1 at 2013-10-13 17:14:09 +0800
Processing by HomeController#index as HTML
  [1m[36mUser Load (0.4ms)[0m  [1mSELECT "users".* FROM "users" [0m
  Rendered home/index.html.erb within layouts/application (0.9ms)
  Rendered layouts/_navigation.html.erb (0.9ms)
  Rendered layouts/_messages.html.erb (0.1ms)
Completed 200 OK in 21ms (Views: 19.2ms | ActiveRecord: 0.4ms)


Started GET "/" for 127.0.0.1 at 2013-10-13 17:14:10 +0800
Processing by HomeController#index as HTML
  [1m[35mUser Load (0.4ms)[0m  SELECT "users".* FROM "users" 
  Rendered home/index.html.erb within layouts/application (0.7ms)
  Rendered layouts/_navigation.html.erb (0.9ms)
  Rendered layouts/_messages.html.erb (0.1ms)
Completed 200 OK in 24ms (Views: 22.2ms | ActiveRecord: 0.4ms)


Started GET "/" for 127.0.0.1 at 2013-10-13 17:14:11 +0800
Processing by HomeController#index as HTML
  [1m[36mUser Load (0.3ms)[0m  [1mSELECT "users".* FROM "users" [0m
  Rendered home/index.html.erb within layouts/application (1.1ms)
  Rendered layouts/_navigation.html.erb (1.0ms)
  Rendered layouts/_messages.html.erb (0.1ms)
Completed 200 OK in 84ms (Views: 83.4ms | ActiveRecord: 0.3ms)


Started GET "/" for 127.0.0.1 at 2013-10-13 17:15:20 +0800
Processing by HomeController#index as HTML
  [1m[35mUser Load (1.7ms)[0m  SELECT "users".* FROM "users" 
  Rendered home/index.html.erb within layouts/application (1.2ms)
  Rendered layouts/_navigation.html.erb (0.7ms)
  Rendered layouts/_messages.html.erb (0.0ms)
Completed 200 OK in 81ms (Views: 77.3ms | ActiveRecord: 1.7ms)


Started GET "/" for 127.0.0.1 at 2013-10-13 17:16:30 +0800
Processing by HomeController#index as HTML
  [1m[36mUser Load (0.3ms)[0m  [1mSELECT "users".* FROM "users" [0m
  Rendered home/index.html.erb within layouts/application (0.8ms)
  Rendered layouts/_navigation.html.erb (3.2ms)
  Rendered layouts/_messages.html.erb (0.1ms)
Completed 200 OK in 71ms (Views: 70.2ms | ActiveRecord: 0.3ms)


Started GET "/" for 127.0.0.1 at 2013-10-13 17:16:35 +0800
Processing by HomeController#index as HTML
  [1m[35mUser Load (0.3ms)[0m  SELECT "users".* FROM "users" 
  Rendered home/index.html.erb within layouts/application (1.0ms)
  Rendered layouts/_navigation.html.erb (0.9ms)
  Rendered layouts/_messages.html.erb (0.1ms)
Completed 200 OK in 69ms (Views: 65.2ms | ActiveRecord: 0.3ms)


Started GET "/" for 127.0.0.1 at 2013-10-13 17:16:36 +0800
Processing by HomeController#index as HTML
  [1m[36mUser Load (0.2ms)[0m  [1mSELECT "users".* FROM "users" [0m
  Rendered home/index.html.erb within layouts/application (0.6ms)
  Rendered layouts/_navigation.html.erb (1.1ms)
  Rendered layouts/_messages.html.erb (0.1ms)
Completed 200 OK in 21ms (Views: 20.4ms | ActiveRecord: 0.2ms)


Started GET "/" for 127.0.0.1 at 2013-10-13 17:16:37 +0800
Processing by HomeController#index as HTML
  [1m[35mUser Load (0.2ms)[0m  SELECT "users".* FROM "users" 
  Rendered home/index.html.erb within layouts/application (1.3ms)
  Rendered layouts/_navigation.html.erb (1.1ms)
  Rendered layouts/_messages.html.erb (0.1ms)
Completed 200 OK in 24ms (Views: 23.4ms | ActiveRecord: 0.2ms)


Started GET "/" for 127.0.0.1 at 2013-10-13 17:16:57 +0800
Processing by HomeController#index as HTML
  [1m[36mUser Load (0.2ms)[0m  [1mSELECT "users".* FROM "users" [0m
  Rendered home/index.html.erb within layouts/application (1.4ms)
  Rendered layouts/_navigation.html.erb (2.5ms)
  Rendered layouts/_messages.html.erb (0.1ms)
Completed 200 OK in 23ms (Views: 21.8ms | ActiveRecord: 0.2ms)


Started GET "/" for 127.0.0.1 at 2013-10-13 17:17:00 +0800
Processing by HomeController#index as HTML
  [1m[35mUser Load (0.3ms)[0m  SELECT "users".* FROM "users" 
  Rendered home/index.html.erb within layouts/application (1.0ms)
  Rendered layouts/_navigation.html.erb (0.8ms)
  Rendered layouts/_messages.html.erb (0.1ms)
Completed 200 OK in 67ms (Views: 65.8ms | ActiveRecord: 0.3ms)


Started GET "/" for 127.0.0.1 at 2013-10-13 17:17:01 +0800
Processing by HomeController#index as HTML
  [1m[36mUser Load (0.4ms)[0m  [1mSELECT "users".* FROM "users" [0m
  Rendered home/index.html.erb within layouts/application (0.7ms)
  Rendered layouts/_navigation.html.erb (1.7ms)
  Rendered layouts/_messages.html.erb (0.1ms)
Completed 200 OK in 70ms (Views: 67.7ms | ActiveRecord: 0.4ms)


Started GET "/" for 127.0.0.1 at 2013-10-13 17:17:06 +0800
Processing by HomeController#index as HTML
  [1m[35mUser Load (0.4ms)[0m  SELECT "users".* FROM "users" 
  Rendered home/index.html.erb within layouts/application (0.7ms)
  Rendered layouts/_navigation.html.erb (1.1ms)
  Rendered layouts/_messages.html.erb (0.1ms)
Completed 200 OK in 72ms (Views: 69.6ms | ActiveRecord: 0.4ms)


Started GET "/" for 127.0.0.1 at 2013-10-13 17:17:07 +0800
Processing by HomeController#index as HTML
  [1m[36mUser Load (0.4ms)[0m  [1mSELECT "users".* FROM "users" [0m
  Rendered home/index.html.erb within layouts/application (0.8ms)
  Rendered layouts/_navigation.html.erb (4.8ms)
  Rendered layouts/_messages.html.erb (0.1ms)
Completed 200 OK in 25ms (Views: 22.8ms | ActiveRecord: 0.4ms)


Started GET "/" for 127.0.0.1 at 2013-10-13 17:17:13 +0800
Processing by HomeController#index as HTML
  [1m[35mUser Load (0.2ms)[0m  SELECT "users".* FROM "users" 
  Rendered home/index.html.erb within layouts/application (0.8ms)
  Rendered layouts/_navigation.html.erb (1.1ms)
  Rendered layouts/_messages.html.erb (0.1ms)
Completed 200 OK in 18ms (Views: 16.8ms | ActiveRecord: 0.2ms)


Started GET "/" for 127.0.0.1 at 2013-10-13 17:17:15 +0800
Processing by HomeController#index as HTML
  [1m[36mUser Load (0.3ms)[0m  [1mSELECT "users".* FROM "users" [0m
  Rendered home/index.html.erb within layouts/application (1.2ms)
  Rendered layouts/_navigation.html.erb (0.7ms)
  Rendered layouts/_messages.html.erb (0.1ms)
Completed 200 OK in 18ms (Views: 16.9ms | ActiveRecord: 0.3ms)


Started GET "/" for 127.0.0.1 at 2013-10-13 17:17:16 +0800
Processing by HomeController#index as HTML
  [1m[35mUser Load (0.8ms)[0m  SELECT "users".* FROM "users" 
  Rendered home/index.html.erb within layouts/application (2.2ms)
  Rendered layouts/_navigation.html.erb (0.7ms)
  Rendered layouts/_messages.html.erb (0.1ms)
Completed 200 OK in 74ms (Views: 72.0ms | ActiveRecord: 0.8ms)


Started GET "/users/sign_up" for 127.0.0.1 at 2013-10-13 17:17:22 +0800
Processing by Devise::RegistrationsController#new as HTML
  Rendered devise/shared/_links.html.erb (0.5ms)
  Rendered devise/registrations/new.html.erb within layouts/application (12.9ms)
  Rendered layouts/_navigation.html.erb (0.9ms)
  Rendered layouts/_messages.html.erb (0.1ms)
Completed 200 OK in 85ms (Views: 84.7ms | ActiveRecord: 0.0ms)
Connecting to database specified by database.yml
Connecting to database specified by database.yml


Started GET "/" for 127.0.0.1 at 2013-10-13 17:19:46 +0800
Processing by HomeController#index as HTML
  [1m[36mUser Load (0.2ms)[0m  [1mSELECT "users".* FROM "users" [0m
  Rendered home/index.html.erb within layouts/application (3.4ms)
  Rendered layouts/_navigation.html.erb (2.2ms)
  Rendered layouts/_messages.html.erb (0.7ms)
Completed 200 OK in 188ms (Views: 152.6ms | ActiveRecord: 2.1ms)


Started GET "/" for 127.0.0.1 at 2013-10-13 17:20:39 +0800
Processing by HomeController#index as HTML
  [1m[35mUser Load (0.3ms)[0m  SELECT "users".* FROM "users" 
Completed 500 Internal Server Error in 6ms

ActionView::MissingTemplate - Missing template home/index, application/index with {:locale=>[:en], :formats=>[:html], :handlers=>[:erb, :builder, :coffee]}. Searched in:
  * "/home/sheng/workspace/RailsApps/rails3-bootstrap-devise-cancan1/app/views"
  * "/home/sheng/.rvm/gems/ruby-2.0.0-p0/gems/devise-3.0.3/app/views"
:
  actionpack (3.2.14) lib/action_view/path_set.rb:58:in `find'
  actionpack (3.2.14) lib/action_view/lookup_context.rb:115:in `find'
  actionpack (3.2.14) lib/action_view/renderer/abstract_renderer.rb:3:in `find_template'
  actionpack (3.2.14) lib/action_view/renderer/template_renderer.rb:35:in `determine_template'
  actionpack (3.2.14) lib/action_view/renderer/template_renderer.rb:10:in `render'
  actionpack (3.2.14) lib/action_view/renderer/renderer.rb:36:in `render_template'
  actionpack (3.2.14) lib/action_view/renderer/renderer.rb:17:in `render'
  actionpack (3.2.14) lib/abstract_controller/rendering.rb:110:in `_render_template'
  actionpack (3.2.14) lib/action_controller/metal/streaming.rb:225:in `_render_template'
  actionpack (3.2.14) lib/abstract_controller/rendering.rb:103:in `render_to_body'
  actionpack (3.2.14) lib/action_controller/metal/renderers.rb:28:in `render_to_body'
  actionpack (3.2.14) lib/action_controller/metal/compatibility.rb:50:in `render_to_body'
  actionpack (3.2.14) lib/abstract_controller/rendering.rb:88:in `render'
  actionpack (3.2.14) lib/action_controller/metal/rendering.rb:16:in `render'
  actionpack (3.2.14) lib/action_controller/metal/instrumentation.rb:40:in `block (2 levels) in render'
  activesupport (3.2.14) lib/active_support/core_ext/benchmark.rb:5:in `block in ms'
  /home/sheng/.rvm/rubies/ruby-2.0.0-p0/lib/ruby/2.0.0/benchmark.rb:296:in `realtime'
  activesupport (3.2.14) lib/active_support/core_ext/benchmark.rb:5:in `ms'
  actionpack (3.2.14) lib/action_controller/metal/instrumentation.rb:40:in `block in render'
  actionpack (3.2.14) lib/action_controller/metal/instrumentation.rb:83:in `cleanup_view_runtime'
  activerecord (3.2.14) lib/active_record/railties/controller_runtime.rb:24:in `cleanup_view_runtime'
  actionpack (3.2.14) lib/action_controller/metal/instrumentation.rb:39:in `render'
  actionpack (3.2.14) lib/action_controller/metal/implicit_render.rb:10:in `default_render'
  actionpack (3.2.14) lib/action_controller/metal/implicit_render.rb:5:in `send_action'
  actionpack (3.2.14) lib/abstract_controller/base.rb:167:in `process_action'
  actionpack (3.2.14) lib/action_controller/metal/rendering.rb:10:in `process_action'
  actionpack (3.2.14) lib/abstract_controller/callbacks.rb:18:in `block in process_action'
  activesupport (3.2.14) lib/active_support/callbacks.rb:414:in `_run__238386701__process_action__108458477__callbacks'
  activesupport (3.2.14) lib/active_support/callbacks.rb:405:in `__run_callback'
  activesupport (3.2.14) lib/active_support/callbacks.rb:385:in `_run_process_action_callbacks'
  activesupport (3.2.14) lib/active_support/callbacks.rb:81:in `run_callbacks'
  actionpack (3.2.14) lib/abstract_controller/callbacks.rb:17:in `process_action'
  actionpack (3.2.14) lib/action_controller/metal/rescue.rb:29:in `process_action'
  actionpack (3.2.14) lib/action_controller/metal/instrumentation.rb:30:in `block in process_action'
  activesupport (3.2.14) lib/active_support/notifications.rb:123:in `block in instrument'
  activesupport (3.2.14) lib/active_support/notifications/instrumenter.rb:20:in `instrument'
  activesupport (3.2.14) lib/active_support/notifications.rb:123:in `instrument'
  actionpack (3.2.14) lib/action_controller/metal/instrumentation.rb:29:in `process_action'
  actionpack (3.2.14) lib/action_controller/metal/params_wrapper.rb:207:in `process_action'
  activerecord (3.2.14) lib/active_record/railties/controller_runtime.rb:18:in `process_action'
  actionpack (3.2.14) lib/abstract_controller/base.rb:121:in `process'
  actionpack (3.2.14) lib/abstract_controller/rendering.rb:45:in `process'
  actionpack (3.2.14) lib/action_controller/metal.rb:203:in `dispatch'
  actionpack (3.2.14) lib/action_controller/metal/rack_delegation.rb:14:in `dispatch'
  actionpack (3.2.14) lib/action_controller/metal.rb:246:in `block in action'
  actionpack (3.2.14) lib/action_dispatch/routing/route_set.rb:73:in `dispatch'
  actionpack (3.2.14) lib/action_dispatch/routing/route_set.rb:36:in `call'
  journey (1.0.4) lib/journey/router.rb:68:in `block in call'
  journey (1.0.4) lib/journey/router.rb:56:in `call'
  actionpack (3.2.14) lib/action_dispatch/routing/route_set.rb:608:in `call'
  warden (1.2.3) lib/warden/manager.rb:35:in `block in call'
  warden (1.2.3) lib/warden/manager.rb:34:in `call'
  actionpack (3.2.14) lib/action_dispatch/middleware/best_standards_support.rb:17:in `call'
  rack (1.4.5) lib/rack/etag.rb:23:in `call'
  rack (1.4.5) lib/rack/conditionalget.rb:25:in `call'
  actionpack (3.2.14) lib/action_dispatch/middleware/head.rb:14:in `call'
  actionpack (3.2.14) lib/action_dispatch/middleware/params_parser.rb:21:in `call'
  actionpack (3.2.14) lib/action_dispatch/middleware/flash.rb:242:in `call'
  rack (1.4.5) lib/rack/session/abstract/id.rb:210:in `context'
  rack (1.4.5) lib/rack/session/abstract/id.rb:205:in `call'
  actionpack (3.2.14) lib/action_dispatch/middleware/cookies.rb:341:in `call'
  activerecord (3.2.14) lib/active_record/query_cache.rb:64:in `call'
  activerecord (3.2.14) lib/active_record/connection_adapters/abstract/connection_pool.rb:479:in `call'
  actionpack (3.2.14) lib/action_dispatch/middleware/callbacks.rb:28:in `block in call'
  activesupport (3.2.14) lib/active_support/callbacks.rb:405:in `_run__434011883__call__392364887__callbacks'
  activesupport (3.2.14) lib/active_support/callbacks.rb:405:in `__run_callback'
  activesupport (3.2.14) lib/active_support/callbacks.rb:385:in `_run_call_callbacks'
  activesupport (3.2.14) lib/active_support/callbacks.rb:81:in `run_callbacks'
  actionpack (3.2.14) lib/action_dispatch/middleware/callbacks.rb:27:in `call'
  actionpack (3.2.14) lib/action_dispatch/middleware/reloader.rb:65:in `call'
  actionpack (3.2.14) lib/action_dispatch/middleware/remote_ip.rb:31:in `call'
  better_errors (0.9.0) lib/better_errors/middleware.rb:84:in `protected_app_call'
  better_errors (0.9.0) lib/better_errors/middleware.rb:79:in `better_errors_call'
  better_errors (0.9.0) lib/better_errors/middleware.rb:56:in `call'
  actionpack (3.2.14) lib/action_dispatch/middleware/debug_exceptions.rb:16:in `call'
  actionpack (3.2.14) lib/action_dispatch/middleware/show_exceptions.rb:56:in `call'
  railties (3.2.14) lib/rails/rack/logger.rb:32:in `call_app'
  railties (3.2.14) lib/rails/rack/logger.rb:16:in `block in call'
  activesupport (3.2.14) lib/active_support/tagged_logging.rb:22:in `tagged'
  railties (3.2.14) lib/rails/rack/logger.rb:16:in `call'
  quiet_assets (1.0.2) lib/quiet_assets.rb:18:in `call_with_quiet_assets'
  actionpack (3.2.14) lib/action_dispatch/middleware/request_id.rb:22:in `call'
  rack (1.4.5) lib/rack/methodoverride.rb:21:in `call'
  rack (1.4.5) lib/rack/runtime.rb:17:in `call'
  activesupport (3.2.14) lib/active_support/cache/strategy/local_cache.rb:72:in `call'
  rack (1.4.5) lib/rack/lock.rb:15:in `call'
  actionpack (3.2.14) lib/action_dispatch/middleware/static.rb:63:in `call'
  railties (3.2.14) lib/rails/engine.rb:484:in `call'
  railties (3.2.14) lib/rails/application.rb:231:in `call'
  rack (1.4.5) lib/rack/content_length.rb:14:in `call'
  railties (3.2.14) lib/rails/rack/log_tailer.rb:17:in `call'
  rack (1.4.5) lib/rack/handler/webrick.rb:59:in `service'
  /home/sheng/.rvm/rubies/ruby-2.0.0-p0/lib/ruby/2.0.0/webrick/httpserver.rb:138:in `service'
  /home/sheng/.rvm/rubies/ruby-2.0.0-p0/lib/ruby/2.0.0/webrick/httpserver.rb:94:in `run'
  /home/sheng/.rvm/rubies/ruby-2.0.0-p0/lib/ruby/2.0.0/webrick/server.rb:295:in `block in start_thread'



Started POST "/__better_errors/97356990/variables" for 127.0.0.1 at 2013-10-13 17:20:39 +0800
Connecting to database specified by database.yml


Started GET "/" for 127.0.0.1 at 2013-10-13 17:23:21 +0800
Processing by HomeController#index as HTML
  [1m[36mUser Load (0.2ms)[0m  [1mSELECT "users".* FROM "users" [0m
  Rendered home/index.html.erb within layouts/application (3.2ms)
  Rendered layouts/_navigation.html.erb (5.7ms)
  Rendered layouts/_messages.html.erb (1.5ms)
Completed 200 OK in 245ms (Views: 205.2ms | ActiveRecord: 1.9ms)


Started GET "/" for 127.0.0.1 at 2013-10-13 17:26:07 +0800
Processing by HomeController#index as HTML
  [1m[35mUser Load (0.4ms)[0m  SELECT "users".* FROM "users" 
  Rendered home/index.html.erb within layouts/application (1.5ms)
  Rendered layouts/_navigation.html.erb (2.1ms)
  Rendered layouts/_messages.html.erb (0.1ms)
Completed 200 OK in 68ms (Views: 65.7ms | ActiveRecord: 0.4ms)


Started GET "/users/sign_up" for 127.0.0.1 at 2013-10-13 17:26:11 +0800
Processing by Devise::RegistrationsController#new as HTML
  Rendered devise/shared/_links.html.erb (3.5ms)
  Rendered devise/registrations/new.html.erb within layouts/application (118.7ms)
  Rendered layouts/_navigation.html.erb (1.2ms)
  Rendered layouts/_messages.html.erb (0.1ms)
Completed 200 OK in 203ms (Views: 201.2ms | ActiveRecord: 0.0ms)


Started GET "/users/sign_in" for 127.0.0.1 at 2013-10-13 17:26:19 +0800
Processing by Devise::SessionsController#new as HTML
  Rendered devise/shared/_links.html.erb (0.9ms)
  Rendered devise/sessions/new.html.erb within layouts/application (13.9ms)
  Rendered layouts/_navigation.html.erb (1.4ms)
  Rendered layouts/_messages.html.erb (0.1ms)
Completed 200 OK in 92ms (Views: 89.0ms | ActiveRecord: 0.0ms)


Started GET "/users/sign_up" for 127.0.0.1 at 2013-10-13 17:26:25 +0800
Processing by Devise::RegistrationsController#new as HTML
  Rendered devise/shared/_links.html.erb (0.5ms)
  Rendered devise/registrations/new.html.erb within layouts/application (17.3ms)
  Rendered layouts/_navigation.html.erb (2.2ms)
  Rendered layouts/_messages.html.erb (0.1ms)
Completed 200 OK in 107ms (Views: 106.4ms | ActiveRecord: 0.0ms)


Started GET "/users/sign_up" for 127.0.0.1 at 2013-10-13 17:26:36 +0800
Processing by Devise::RegistrationsController#new as HTML
  Rendered devise/shared/_links.html.erb (0.4ms)
  Rendered devise/registrations/new.html.erb within layouts/application (16.8ms)
  Rendered layouts/_navigation.html.erb (1.1ms)
  Rendered layouts/_messages.html.erb (0.0ms)
Completed 200 OK in 97ms (Views: 96.1ms | ActiveRecord: 0.0ms)


Started GET "/users/sign_up" for 127.0.0.1 at 2013-10-13 17:26:37 +0800
Processing by Devise::RegistrationsController#new as HTML
  Rendered devise/shared/_links.html.erb (0.8ms)
  Rendered devise/registrations/new.html.erb within layouts/application (19.8ms)
  Rendered layouts/_navigation.html.erb (1.0ms)
  Rendered layouts/_messages.html.erb (0.1ms)
Completed 200 OK in 106ms (Views: 105.2ms | ActiveRecord: 0.0ms)


Started GET "/users/sign_up" for 127.0.0.1 at 2013-10-13 17:26:38 +0800
Processing by Devise::RegistrationsController#new as HTML
  Rendered devise/shared/_links.html.erb (0.8ms)
  Rendered devise/registrations/new.html.erb within layouts/application (13.5ms)
  Rendered layouts/_navigation.html.erb (1.4ms)
  Rendered layouts/_messages.html.erb (0.1ms)
Completed 200 OK in 99ms (Views: 98.1ms | ActiveRecord: 0.0ms)


Started GET "/users/sign_up" for 127.0.0.1 at 2013-10-13 17:26:39 +0800
Processing by Devise::RegistrationsController#new as HTML
  Rendered devise/shared/_links.html.erb (0.6ms)
  Rendered devise/registrations/new.html.erb within layouts/application (18.6ms)
  Rendered layouts/_navigation.html.erb (2.1ms)
  Rendered layouts/_messages.html.erb (0.1ms)
Completed 200 OK in 93ms (Views: 92.4ms | ActiveRecord: 0.0ms)


Started GET "/users/sign_up" for 127.0.0.1 at 2013-10-13 17:26:40 +0800
Processing by Devise::RegistrationsController#new as HTML
  Rendered devise/shared/_links.html.erb (0.5ms)
  Rendered devise/registrations/new.html.erb within layouts/application (11.7ms)
  Rendered layouts/_navigation.html.erb (1.1ms)
  Rendered layouts/_messages.html.erb (0.1ms)
Completed 200 OK in 82ms (Views: 81.5ms | ActiveRecord: 0.0ms)


Started GET "/users/sign_up" for 127.0.0.1 at 2013-10-13 17:26:41 +0800
Processing by Devise::RegistrationsController#new as HTML
  Rendered devise/shared/_links.html.erb (0.4ms)
  Rendered devise/registrations/new.html.erb within layouts/application (19.0ms)
  Rendered layouts/_navigation.html.erb (1.3ms)
  Rendered layouts/_messages.html.erb (0.1ms)
Completed 200 OK in 115ms (Views: 114.4ms | ActiveRecord: 0.0ms)
Connecting to database specified by database.yml


Started GET "/users/sign_up" for 127.0.0.1 at 2013-10-14 10:53:09 +0800
Processing by Devise::RegistrationsController#new as HTML
  Rendered devise/shared/_links.html.erb (2.3ms)
  Rendered devise/registrations/new.html.erb within layouts/application (298.7ms)
  Rendered layouts/_navigation.html.erb (2.0ms)
  Rendered layouts/_messages.html.erb (0.7ms)
Completed 200 OK in 834ms (Views: 579.2ms | ActiveRecord: 2.5ms)
Connecting to database specified by database.yml


Started GET "/" for 127.0.0.1 at 2013-10-14 12:10:00 +0800
Processing by HomeController#index as HTML
  [1m[36mUser Load (0.2ms)[0m  [1mSELECT "users".* FROM "users" [0m
  Rendered home/index.html.erb within layouts/application (12.4ms)
Compiled jquery.js  (71ms)  (pid 17237)
Compiled jquery_ujs.js  (0ms)  (pid 17237)
Compiled bootstrap-transition.js  (0ms)  (pid 17237)
Compiled bootstrap-affix.js  (0ms)  (pid 17237)
Compiled bootstrap-alert.js  (0ms)  (pid 17237)
Compiled bootstrap-button.js  (0ms)  (pid 17237)
Compiled bootstrap-carousel.js  (0ms)  (pid 17237)
Compiled bootstrap-collapse.js  (0ms)  (pid 17237)
Compiled bootstrap-dropdown.js  (3ms)  (pid 17237)
Compiled bootstrap-modal.js  (0ms)  (pid 17237)
Compiled bootstrap-scrollspy.js  (1ms)  (pid 17237)
Compiled bootstrap-tab.js  (0ms)  (pid 17237)
Compiled bootstrap-tooltip.js  (4ms)  (pid 17237)
Compiled bootstrap-popover.js  (0ms)  (pid 17237)
Compiled bootstrap-typeahead.js  (0ms)  (pid 17237)
Compiled bootstrap.js  (1554ms)  (pid 17237)
Compiled application.js  (1885ms)  (pid 17237)
  Rendered layouts/_navigation.html.erb (1.9ms)
  Rendered layouts/_messages.html.erb (0.6ms)
Completed 200 OK in 2249ms (Views: 2199.0ms | ActiveRecord: 2.3ms)
Connecting to database specified by database.yml
  [1m[36m (0.3ms)[0m  [1mSELECT "schema_migrations"."version" FROM "schema_migrations" [0m
Migrating to DeviseCreateUsers (20120418171104)
Migrating to RolifyCreateRoles (20120418171110)
Migrating to AddNameToUsers (20120418171112)
  [1m[35m (0.2ms)[0m  select sqlite_version(*)
  [1m[36m (0.2ms)[0m  [1mSELECT "schema_migrations"."version" FROM "schema_migrations" [0m
Connecting to database specified by database.yml
  [1m[36m (0.1ms)[0m  [1mSELECT "schema_migrations"."version" FROM "schema_migrations" [0m
  [1m[35mRole Load (0.3ms)[0m  SELECT "roles".* FROM "roles" WHERE "roles"."name" = 'admin' LIMIT 1
  [1m[36mRole Load (0.2ms)[0m  [1mSELECT "roles".* FROM "roles" WHERE "roles"."name" = 'user' LIMIT 1[0m
  [1m[35mRole Load (0.2ms)[0m  SELECT "roles".* FROM "roles" WHERE "roles"."name" = 'VIP' LIMIT 1
  [1m[36mUser Load (0.2ms)[0m  [1mSELECT "users".* FROM "users" WHERE "users"."email" = 'user@example.com' LIMIT 1[0m
  [1m[35mRole Load (0.4ms)[0m  SELECT "roles".* FROM "roles" WHERE "roles"."name" = 'admin' AND "roles"."resource_type" IS NULL AND "roles"."resource_id" IS NULL LIMIT 1
  [1m[36mRole Exists (0.1ms)[0m  [1mSELECT 1 AS one FROM "roles" INNER JOIN "users_roles" ON "roles"."id" = "users_roles"."role_id" WHERE "users_roles"."user_id" = 1 AND "roles"."id" = 1 LIMIT 1[0m
